0 info it worked if it ends with ok
1 verbose cli [ '/usr/bin/nodejs', '/usr/bin/npm', 'start' ]
2 info using npm@1.2.18
3 info using node@v0.10.15
4 verbose read json /home/zsolt/GIT_Projects/puckiq/package.json
5 verbose run-script [ 'prestart', 'start', 'poststart' ]
6 info prestart pucknode-api@0.1.1
7 info start pucknode-api@0.1.1
8 verbose unsafe-perm in lifecycle true
9 silly exec sh "-c" "node app.js"
10 silly sh,-c,node app.js,/home/zsolt/GIT_Projects/puckiq spawning
11 info pucknode-api@0.1.1 Failed to exec start script
12 error pucknode-api@0.1.1 start: `node app.js`
12 error `sh "-c" "node app.js"` failed with 8
13 error Failed at the pucknode-api@0.1.1 start script.
13 error This is most likely a problem with the pucknode-api package,
13 error not with npm itself.
13 error Tell the author that this fails on your system:
13 error     node app.js
13 error You can get their info via:
13 error     npm owner ls pucknode-api
13 error There is likely additional logging output above.
14 error System Linux 3.11.0-12-generic
15 error command "/usr/bin/nodejs" "/usr/bin/npm" "start"
16 error cwd /home/zsolt/GIT_Projects/puckiq
17 error node -v v0.10.15
18 error npm -v 1.2.18
19 error code ELIFECYCLE
20 verbose exit [ 1, true ]
